<?xml version="1.0" encoding="UTF-8"?>
<!-- Generated by org.testng.reporters.JUnitXMLReporter -->
<testsuite ignored="14" hostname="Abhay" failures="0" tests="1" name="Default test" time="255.87" errors="0" timestamp="22 Dec 2023 10:57:54 GMT">
  <testcase classname="com.PlanIT.WitsLab.tests.TicketLandingPageTestScripts" name="verifySubTaskFromCreatedTicket" time="150.228"/>
  <testcase classname="com.PlanIT.WitsLab.tests.TicketLandingPageTestScripts" name="verifyIssuecreatedfromIssueSection" time="0.0">
    <ignored/>
  </testcase> <!-- verifyIssuecreatedfromIssueSection -->
  <testcase classname="com.PlanIT.WitsLab.tests.TicketLandingPageTestScripts" name="verifyLinkIssueFunctionalityFromTicket" time="0.0">
    <ignored/>
  </testcase> <!-- verifyLinkIssueFunctionalityFromTicket -->
  <testcase classname="com.PlanIT.WitsLab.tests.TicketLandingPageTestScripts" name="verifyUpdateDetailsOfTickets" time="0.0">
    <ignored/>
  </testcase> <!-- verifyUpdateDetailsOfTickets -->
  <testcase classname="com.PlanIT.WitsLab.tests.TicketLandingPageTestScripts" name="verifyChangeTicketStageFromDropdown" time="0.0">
    <ignored/>
  </testcase> <!-- verifyChangeTicketStageFromDropdown -->
  <testcase classname="com.PlanIT.WitsLab.tests.TicketLandingPageTestScripts" name="verifyReportsSection" time="0.0">
    <ignored/>
  </testcase> <!-- verifyReportsSection -->
  <testcase classname="com.PlanIT.WitsLab.tests.TicketLandingPageTestScripts" name="verifyWorkloadSettingsUpdate" time="0.0">
    <ignored/>
  </testcase> <!-- verifyWorkloadSettingsUpdate -->
  <testcase classname="com.PlanIT.WitsLab.tests.TicketLandingPageTestScripts" name="verifySprintCompletedConfirmation" time="0.0">
    <ignored/>
  </testcase> <!-- verifySprintCompletedConfirmation -->
  <testcase classname="com.PlanIT.WitsLab.tests.TicketLandingPageTestScripts" name="verifyPastSprintCompletedData" time="0.0">
    <ignored/>
  </testcase> <!-- verifyPastSprintCompletedData -->
  <testcase classname="com.PlanIT.WitsLab.tests.TicketLandingPageTestScripts" name="verifyAddAnotherList" time="0.0">
    <ignored/>
  </testcase> <!-- verifyAddAnotherList -->
  <testcase classname="com.PlanIT.WitsLab.tests.TicketLandingPageTestScripts" name="verifyAddNewLane" time="0.0">
    <ignored/>
  </testcase> <!-- verifyAddNewLane -->
  <testcase classname="com.PlanIT.WitsLab.tests.TicketLandingPageTestScripts" name="verifyDeleteBoardfromActivatedSprint" time="0.0">
    <ignored/>
  </testcase> <!-- verifyDeleteBoardfromActivatedSprint -->
  <testcase classname="com.PlanIT.WitsLab.tests.TicketLandingPageTestScripts" name="verifyTicketDeletionFromTicket" time="0.0">
    <ignored/>
  </testcase> <!-- verifyTicketDeletionFromTicket -->
  <testcase classname="com.PlanIT.WitsLab.tests.TicketLandingPageTestScripts" name="verifyTicketDescriptionAndComment" time="0.0">
    <ignored/>
  </testcase> <!-- verifyTicketDescriptionAndComment -->
  <testcase classname="com.PlanIT.WitsLab.tests.TicketLandingPageTestScripts" name="verifySkipSpSuccessfullySprintComplete" time="0.0">
    <ignored/>
  </testcase> <!-- verifySkipSpSuccessfullySprintComplete -->
</testsuite> <!-- Default test -->
