<?xml version="1.0" encoding="UTF-8"?>
<!-- Generated by org.testng.reporters.JUnitXMLReporter -->
<testsuite ignored="8" hostname="WILASSETA0041.local" failures="0" tests="1" name="Default test" time="141.961" errors="0" timestamp="21 May 2023 12:44:18 GMT">
  <testcase classname="com.automation.tests.prmsTestScript" name="verifyCreateIssueFromBoard" time="85.842"/>
  <testcase classname="com.automation.tests.prmsTestScript" name="verifyCreateIssueFunctionality" time="0.0">
    <ignored/>
  </testcase> <!-- verifyCreateIssueFunctionality -->
  <testcase classname="com.automation.tests.prmsTestScript" name="verifyUpdateDetailsOfTickets" time="0.0">
    <ignored/>
  </testcase> <!-- verifyUpdateDetailsOfTickets -->
  <testcase classname="com.automation.tests.prmsTestScript" name="verifyCreateSprintFunctionality" time="0.0">
    <ignored/>
  </testcase> <!-- verifyCreateSprintFunctionality -->
  <testcase classname="com.automation.tests.prmsTestScript" name="verifyAddMemberFunctionality" time="0.0">
    <ignored/>
  </testcase> <!-- verifyAddMemberFunctionality -->
  <testcase classname="com.automation.tests.prmsTestScript" name="verifyCreateNewProject" time="0.0">
    <ignored/>
  </testcase> <!-- verifyCreateNewProject -->
  <testcase classname="com.automation.tests.prmsTestScript" name="verifyCreateTeamBoard" time="0.0">
    <ignored/>
  </testcase> <!-- verifyCreateTeamBoard -->
  <testcase classname="com.automation.tests.prmsTestScript" name="verifySprintActivation" time="0.0">
    <ignored/>
  </testcase> <!-- verifySprintActivation -->
  <testcase classname="com.automation.tests.prmsTestScript" name="verifyAddMemberFromProjectSetting" time="0.0">
    <ignored/>
  </testcase> <!-- verifyAddMemberFromProjectSetting -->
</testsuite> <!-- Default test -->
