<?xml version="1.0" encoding="UTF-8"?>
<!-- Generated by org.testng.reporters.JUnitXMLReporter -->
<testsuite ignored="5" hostname="WILASSETA0041.local" failures="0" tests="1" name="PlanIT Testcases" time="225.822" errors="0" timestamp="17 Jul 2023 12:24:29 GMT">
  <testcase classname="com.PlanIT.WitsLab.tests.TicketLandingPageTestScripts" name="verifyLinkIssueFunctionalityFromTicket" time="176.571"/>
  <testcase classname="com.PlanIT.WitsLab.tests.TicketLandingPageTestScripts" name="verifyChangeTicketStageFromDropdown" time="0.0">
    <ignored/>
  </testcase> <!-- verifyChangeTicketStageFromDropdown -->
  <testcase classname="com.PlanIT.WitsLab.tests.TicketLandingPageTestScripts" name="verifyAddNewLane" time="0.0">
    <ignored/>
  </testcase> <!-- verifyAddNewLane -->
  <testcase classname="com.PlanIT.WitsLab.tests.TicketLandingPageTestScripts" name="verifyUpdateDetailsOfTickets" time="0.0">
    <ignored/>
  </testcase> <!-- verifyUpdateDetailsOfTickets -->
  <testcase classname="com.PlanIT.WitsLab.tests.TicketLandingPageTestScripts" name="verifyTicketDeletionFromTicket" time="0.0">
    <ignored/>
  </testcase> <!-- verifyTicketDeletionFromTicket -->
  <testcase classname="com.PlanIT.WitsLab.tests.TicketLandingPageTestScripts" name="verifyTicketDescriptionAndComment" time="0.0">
    <ignored/>
  </testcase> <!-- verifyTicketDescriptionAndComment -->
</testsuite> <!-- PlanIT Testcases -->
