<?xml version="1.0" encoding="UTF-8"?>
<!-- Generated by org.testng.reporters.JUnitXMLReporter -->
<testsuite ignored="4" hostname="WILASSETA0041.local" failures="0" tests="1" name="TestCases" time="306.678" errors="0" timestamp="15 Jun 2023 11:33:47 GMT">
  <testcase classname="com.PlanIT.WitsLab.tests.TicketLandingPageTestScripts" name="verifyAddNewLane" time="253.215"/>
  <testcase classname="com.PlanIT.WitsLab.tests.TicketLandingPageTestScripts" name="verifyChangeTicketStageFromDropdown" time="0.0">
    <ignored/>
  </testcase> <!-- verifyChangeTicketStageFromDropdown -->
  <testcase classname="com.PlanIT.WitsLab.tests.TicketLandingPageTestScripts" name="verifyLinkIssueFunctionalityFromTicket" time="0.0">
    <ignored/>
  </testcase> <!-- verifyLinkIssueFunctionalityFromTicket -->
  <testcase classname="com.PlanIT.WitsLab.tests.TicketLandingPageTestScripts" name="verifyUpdateDetailsOfTickets" time="0.0">
    <ignored/>
  </testcase> <!-- verifyUpdateDetailsOfTickets -->
  <testcase classname="com.PlanIT.WitsLab.tests.TicketLandingPageTestScripts" name="verifyTicketDeletionFromTicket" time="0.0">
    <ignored/>
  </testcase> <!-- verifyTicketDeletionFromTicket -->
</testsuite> <!-- TestCases -->
