<?xml version="1.0" encoding="UTF-8"?>
<testng-results ignored="14" total="15" passed="1" failed="0" skipped="0">
  <reporter-output>
  </reporter-output>
  <suite started-at="2023-12-22T10:53:38Z" name="Default suite" finished-at="2023-12-22T10:57:54Z" duration-ms="255870">
    <groups>
    </groups>
    <test started-at="2023-12-22T10:53:38Z" name="Default test" finished-at="2023-12-22T10:57:54Z" duration-ms="255870">
      <class name="com.PlanIT.WitsLab.tests.TicketLandingPageTestScripts">
        <test-method is-config="true" signature="createObject()[pri:0, instance:com.PlanIT.WitsLab.tests.TicketLandingPageTestScripts@56f6d40b]" started-at="2023-12-22T10:53:37Z" name="createObject" finished-at="2023-12-22T10:53:38Z" duration-ms="176" status="PASS">
          <reporter-output>
          </reporter-output>
        </test-method> <!-- createObject -->
        <test-method is-config="true" signature="setUp(java.lang.String)[pri:0, instance:com.PlanIT.WitsLab.tests.TicketLandingPageTestScripts@56f6d40b]" started-at="2023-12-22T10:53:38Z" name="setUp" finished-at="2023-12-22T10:53:50Z" duration-ms="12741" status="PASS">
          <params>
            <param index="0">
              <value>
                <![CDATA[Chrome]]>
              </value>
            </param>
          </params>
          <reporter-output>
          </reporter-output>
        </test-method> <!-- setUp -->
        <test-method is-config="true" signature="verifyloginPage(java.lang.reflect.Method)[pri:0, instance:com.PlanIT.WitsLab.tests.TicketLandingPageTestScripts@56f6d40b]" started-at="2023-12-22T10:53:50Z" name="verifyloginPage" finished-at="2023-12-22T10:54:17Z" duration-ms="26503" status="PASS">
          <params>
            <param index="0">
              <value>
                <![CDATA[public void com.PlanIT.WitsLab.tests.TicketLandingPageTestScripts.verifySubTaskFromCreatedTicket()]]>
              </value>
            </param>
          </params>
          <reporter-output>
          </reporter-output>
        </test-method> <!-- verifyloginPage -->
        <test-method signature="verifySubTaskFromCreatedTicket()[pri:0, instance:com.PlanIT.WitsLab.tests.TicketLandingPageTestScripts@56f6d40b]" started-at="2023-12-22T10:54:17Z" name="verifySubTaskFromCreatedTicket" finished-at="2023-12-22T10:56:47Z" duration-ms="150228" status="PASS">
          <reporter-output>
          </reporter-output>
        </test-method> <!-- verifySubTaskFromCreatedTicket -->
        <test-method is-config="true" signature="logout(org.testng.ITestResult, java.lang.reflect.Method)[pri:0, instance:com.PlanIT.WitsLab.tests.TicketLandingPageTestScripts@56f6d40b]" started-at="2023-12-22T10:56:47Z" name="logout" finished-at="2023-12-22T10:57:53Z" duration-ms="66064" status="PASS">
          <params>
            <param index="0">
              <value>
                <![CDATA[[TestResult name=verifySubTaskFromCreatedTicket status=SUCCESS method=TicketLandingPageTestScripts.verifySubTaskFromCreatedTicket()[pri:0, instance:com.PlanIT.WitsLab.tests.TicketLandingPageTestScripts@56f6d40b] output={null}]]]>
              </value>
            </param>
            <param index="1">
              <value>
                <![CDATA[public void com.PlanIT.WitsLab.tests.TicketLandingPageTestScripts.verifySubTaskFromCreatedTicket()]]>
              </value>
            </param>
          </params>
          <reporter-output>
          </reporter-output>
        </test-method> <!-- logout -->
        <test-method is-config="true" signature="afterTestThreadContextCleanup()[pri:0, instance:com.PlanIT.WitsLab.tests.TicketLandingPageTestScripts@56f6d40b]" started-at="2023-12-22T10:57:53Z" name="afterTestThreadContextCleanup" finished-at="2023-12-22T10:57:54Z" duration-ms="308" status="PASS">
          <reporter-output>
          </reporter-output>
        </test-method> <!-- afterTestThreadContextCleanup -->
        <test-method is-config="true" signature="generateReport()[pri:0, instance:com.PlanIT.WitsLab.tests.TicketLandingPageTestScripts@56f6d40b]" started-at="2023-12-22T10:57:54Z" name="generateReport" finished-at="2023-12-22T10:57:54Z" duration-ms="101" status="PASS">
          <reporter-output>
          </reporter-output>
        </test-method> <!-- generateReport -->
      </class> <!-- com.PlanIT.WitsLab.tests.TicketLandingPageTestScripts -->
    </test> <!-- Default test -->
  </suite> <!-- Default suite -->
</testng-results>
