<?xml version="1.0" encoding="UTF-8"?>
<testng-results ignored="0" total="9" passed="8" failed="1" skipped="0">
  <reporter-output>
  </reporter-output>
  <suite started-at="2023-05-29T09:20:13Z" name="Wil_Plannet" finished-at="2023-05-29T09:40:20Z" duration-ms="1207138">
    <groups>
    </groups>
    <test started-at="2023-05-29T09:20:13Z" name="TestCases" finished-at="2023-05-29T09:40:20Z" duration-ms="1207138">
      <class name="com.PlanIT.WitsLab.tests.prmsTestScript">
        <test-method is-config="true" signature="createObject()[pri:0, instance:com.PlanIT.WitsLab.tests.prmsTestScript@5c530d1e]" started-at="2023-05-29T09:20:13Z" name="createObject" finished-at="2023-05-29T09:20:13Z" duration-ms="4" status="PASS">
          <reporter-output>
          </reporter-output>
        </test-method> <!-- createObject -->
        <test-method is-config="true" signature="beforeTestThreadContextSetup(java.lang.String)[pri:0, instance:com.PlanIT.WitsLab.tests.prmsTestScript@5c530d1e]" started-at="2023-05-29T09:20:13Z" name="beforeTestThreadContextSetup" finished-at="2023-05-29T09:20:13Z" duration-ms="2" status="PASS">
          <params>
            <param index="0">
              <value>
                <![CDATA[chrome]]>
              </value>
            </param>
          </params>
          <reporter-output>
          </reporter-output>
        </test-method> <!-- beforeTestThreadContextSetup -->
        <test-method is-config="true" signature="setUp(java.lang.String)[pri:0, instance:com.PlanIT.WitsLab.tests.prmsTestScript@5c530d1e]" started-at="2023-05-29T09:20:13Z" name="setUp" finished-at="2023-05-29T09:20:32Z" duration-ms="18238" status="PASS">
          <params>
            <param index="0">
              <value>
                <![CDATA[chrome]]>
              </value>
            </param>
          </params>
          <reporter-output>
          </reporter-output>
        </test-method> <!-- setUp -->
        <test-method is-config="true" signature="verifyloginPage(java.lang.reflect.Method)[pri:0, instance:com.PlanIT.WitsLab.tests.prmsTestScript@5c530d1e]" started-at="2023-05-29T09:20:32Z" name="verifyloginPage" finished-at="2023-05-29T09:20:53Z" duration-ms="21017" status="PASS">
          <params>
            <param index="0">
              <value>
                <![CDATA[public void com.PlanIT.WitsLab.tests.prmsTestScript.verifyCreateNewProject()]]>
              </value>
            </param>
          </params>
          <reporter-output>
          </reporter-output>
        </test-method> <!-- verifyloginPage -->
        <test-method signature="verifyCreateNewProject()[pri:1, instance:com.PlanIT.WitsLab.tests.prmsTestScript@5c530d1e]" started-at="2023-05-29T09:20:53Z" name="verifyCreateNewProject" finished-at="2023-05-29T09:21:45Z" duration-ms="52429" status="PASS">
          <reporter-output>
          </reporter-output>
        </test-method> <!-- verifyCreateNewProject -->
        <test-method is-config="true" signature="logout(org.testng.ITestResult, java.lang.reflect.Method)[pri:0, instance:com.PlanIT.WitsLab.tests.prmsTestScript@5c530d1e]" started-at="2023-05-29T09:21:45Z" name="logout" finished-at="2023-05-29T09:21:47Z" duration-ms="2046" status="PASS">
          <params>
            <param index="0">
              <value>
                <![CDATA[[TestResult name=verifyCreateNewProject status=SUCCESS method=prmsTestScript.verifyCreateNewProject()[pri:1, instance:com.PlanIT.WitsLab.tests.prmsTestScript@5c530d1e] output={null}]]]>
              </value>
            </param>
            <param index="1">
              <value>
                <![CDATA[public void com.PlanIT.WitsLab.tests.prmsTestScript.verifyCreateNewProject()]]>
              </value>
            </param>
          </params>
          <reporter-output>
          </reporter-output>
        </test-method> <!-- logout -->
        <test-method is-config="true" signature="verifyloginPage(java.lang.reflect.Method)[pri:0, instance:com.PlanIT.WitsLab.tests.prmsTestScript@5c530d1e]" started-at="2023-05-29T09:21:47Z" name="verifyloginPage" finished-at="2023-05-29T09:22:00Z" duration-ms="12911" status="PASS">
          <params>
            <param index="0">
              <value>
                <![CDATA[public void com.PlanIT.WitsLab.tests.prmsTestScript.verifyCreateTeamBoard()]]>
              </value>
            </param>
          </params>
          <reporter-output>
          </reporter-output>
        </test-method> <!-- verifyloginPage -->
        <test-method signature="verifyCreateTeamBoard()[pri:2, instance:com.PlanIT.WitsLab.tests.prmsTestScript@5c530d1e]" started-at="2023-05-29T09:22:00Z" name="verifyCreateTeamBoard" finished-at="2023-05-29T09:22:59Z" duration-ms="58838" status="PASS">
          <reporter-output>
          </reporter-output>
        </test-method> <!-- verifyCreateTeamBoard -->
        <test-method is-config="true" signature="logout(org.testng.ITestResult, java.lang.reflect.Method)[pri:0, instance:com.PlanIT.WitsLab.tests.prmsTestScript@5c530d1e]" started-at="2023-05-29T09:22:59Z" name="logout" finished-at="2023-05-29T09:23:01Z" duration-ms="2352" status="PASS">
          <params>
            <param index="0">
              <value>
                <![CDATA[[TestResult name=verifyCreateTeamBoard status=SUCCESS method=prmsTestScript.verifyCreateTeamBoard()[pri:2, instance:com.PlanIT.WitsLab.tests.prmsTestScript@5c530d1e] output={null}]]]>
              </value>
            </param>
            <param index="1">
              <value>
                <![CDATA[public void com.PlanIT.WitsLab.tests.prmsTestScript.verifyCreateTeamBoard()]]>
              </value>
            </param>
          </params>
          <reporter-output>
          </reporter-output>
        </test-method> <!-- logout -->
        <test-method is-config="true" signature="verifyloginPage(java.lang.reflect.Method)[pri:0, instance:com.PlanIT.WitsLab.tests.prmsTestScript@5c530d1e]" started-at="2023-05-29T09:23:01Z" name="verifyloginPage" finished-at="2023-05-29T09:23:13Z" duration-ms="12099" status="PASS">
          <params>
            <param index="0">
              <value>
                <![CDATA[public void com.PlanIT.WitsLab.tests.prmsTestScript.verifyCreateIssueFromBacklogFunctionality()]]>
              </value>
            </param>
          </params>
          <reporter-output>
          </reporter-output>
        </test-method> <!-- verifyloginPage -->
        <test-method signature="verifyCreateIssueFromBacklogFunctionality()[pri:3, instance:com.PlanIT.WitsLab.tests.prmsTestScript@5c530d1e]" started-at="2023-05-29T09:23:13Z" name="verifyCreateIssueFromBacklogFunctionality" finished-at="2023-05-29T09:24:34Z" duration-ms="81046" status="PASS">
          <reporter-output>
          </reporter-output>
        </test-method> <!-- verifyCreateIssueFromBacklogFunctionality -->
        <test-method is-config="true" signature="logout(org.testng.ITestResult, java.lang.reflect.Method)[pri:0, instance:com.PlanIT.WitsLab.tests.prmsTestScript@5c530d1e]" started-at="2023-05-29T09:24:34Z" name="logout" finished-at="2023-05-29T09:24:36Z" duration-ms="2199" status="PASS">
          <params>
            <param index="0">
              <value>
                <![CDATA[[TestResult name=verifyCreateIssueFromBacklogFunctionality status=SUCCESS method=prmsTestScript.verifyCreateIssueFromBacklogFunctionality()[pri:3, instance:com.PlanIT.WitsLab.tests.prmsTestScript@5c530d1e] output={null}]]]>
              </value>
            </param>
            <param index="1">
              <value>
                <![CDATA[public void com.PlanIT.WitsLab.tests.prmsTestScript.verifyCreateIssueFromBacklogFunctionality()]]>
              </value>
            </param>
          </params>
          <reporter-output>
          </reporter-output>
        </test-method> <!-- logout -->
        <test-method is-config="true" signature="verifyloginPage(java.lang.reflect.Method)[pri:0, instance:com.PlanIT.WitsLab.tests.prmsTestScript@5c530d1e]" started-at="2023-05-29T09:24:36Z" name="verifyloginPage" finished-at="2023-05-29T09:24:49Z" duration-ms="12154" status="PASS">
          <params>
            <param index="0">
              <value>
                <![CDATA[public void com.PlanIT.WitsLab.tests.prmsTestScript.verifyCreateSprintFunctionality()]]>
              </value>
            </param>
          </params>
          <reporter-output>
          </reporter-output>
        </test-method> <!-- verifyloginPage -->
        <test-method signature="verifyCreateSprintFunctionality()[pri:4, instance:com.PlanIT.WitsLab.tests.prmsTestScript@5c530d1e]" started-at="2023-05-29T09:24:49Z" name="verifyCreateSprintFunctionality" finished-at="2023-05-29T09:25:51Z" duration-ms="62249" status="PASS">
          <reporter-output>
          </reporter-output>
        </test-method> <!-- verifyCreateSprintFunctionality -->
        <test-method is-config="true" signature="logout(org.testng.ITestResult, java.lang.reflect.Method)[pri:0, instance:com.PlanIT.WitsLab.tests.prmsTestScript@5c530d1e]" started-at="2023-05-29T09:25:51Z" name="logout" finished-at="2023-05-29T09:26:00Z" duration-ms="9388" status="PASS">
          <params>
            <param index="0">
              <value>
                <![CDATA[[TestResult name=verifyCreateSprintFunctionality status=SUCCESS method=prmsTestScript.verifyCreateSprintFunctionality()[pri:4, instance:com.PlanIT.WitsLab.tests.prmsTestScript@5c530d1e] output={null}]]]>
              </value>
            </param>
            <param index="1">
              <value>
                <![CDATA[public void com.PlanIT.WitsLab.tests.prmsTestScript.verifyCreateSprintFunctionality()]]>
              </value>
            </param>
          </params>
          <reporter-output>
          </reporter-output>
        </test-method> <!-- logout -->
        <test-method is-config="true" signature="verifyloginPage(java.lang.reflect.Method)[pri:0, instance:com.PlanIT.WitsLab.tests.prmsTestScript@5c530d1e]" started-at="2023-05-29T09:26:00Z" name="verifyloginPage" finished-at="2023-05-29T09:26:18Z" duration-ms="17591" status="PASS">
          <params>
            <param index="0">
              <value>
                <![CDATA[public void com.PlanIT.WitsLab.tests.prmsTestScript.verifyAddMemberFunctionalityFromBoard()]]>
              </value>
            </param>
          </params>
          <reporter-output>
          </reporter-output>
        </test-method> <!-- verifyloginPage -->
        <test-method signature="verifyAddMemberFunctionalityFromBoard()[pri:5, instance:com.PlanIT.WitsLab.tests.prmsTestScript@5c530d1e]" started-at="2023-05-29T09:26:18Z" name="verifyAddMemberFunctionalityFromBoard" finished-at="2023-05-29T09:27:55Z" duration-ms="97361" status="PASS">
          <reporter-output>
          </reporter-output>
        </test-method> <!-- verifyAddMemberFunctionalityFromBoard -->
        <test-method is-config="true" signature="logout(org.testng.ITestResult, java.lang.reflect.Method)[pri:0, instance:com.PlanIT.WitsLab.tests.prmsTestScript@5c530d1e]" started-at="2023-05-29T09:27:55Z" name="logout" finished-at="2023-05-29T09:27:58Z" duration-ms="2332" status="PASS">
          <params>
            <param index="0">
              <value>
                <![CDATA[[TestResult name=verifyAddMemberFunctionalityFromBoard status=SUCCESS method=prmsTestScript.verifyAddMemberFunctionalityFromBoard()[pri:5, instance:com.PlanIT.WitsLab.tests.prmsTestScript@5c530d1e] output={null}]]]>
              </value>
            </param>
            <param index="1">
              <value>
                <![CDATA[public void com.PlanIT.WitsLab.tests.prmsTestScript.verifyAddMemberFunctionalityFromBoard()]]>
              </value>
            </param>
          </params>
          <reporter-output>
          </reporter-output>
        </test-method> <!-- logout -->
        <test-method is-config="true" signature="verifyloginPage(java.lang.reflect.Method)[pri:0, instance:com.PlanIT.WitsLab.tests.prmsTestScript@5c530d1e]" started-at="2023-05-29T09:27:58Z" name="verifyloginPage" finished-at="2023-05-29T09:28:10Z" duration-ms="12186" status="PASS">
          <params>
            <param index="0">
              <value>
                <![CDATA[public void com.PlanIT.WitsLab.tests.prmsTestScript.verifySprintActivation()]]>
              </value>
            </param>
          </params>
          <reporter-output>
          </reporter-output>
        </test-method> <!-- verifyloginPage -->
        <test-method signature="verifySprintActivation()[pri:6, instance:com.PlanIT.WitsLab.tests.prmsTestScript@5c530d1e]" started-at="2023-05-29T09:28:10Z" name="verifySprintActivation" finished-at="2023-05-29T09:29:49Z" duration-ms="99268" status="PASS">
          <reporter-output>
          </reporter-output>
        </test-method> <!-- verifySprintActivation -->
        <test-method is-config="true" signature="logout(org.testng.ITestResult, java.lang.reflect.Method)[pri:0, instance:com.PlanIT.WitsLab.tests.prmsTestScript@5c530d1e]" started-at="2023-05-29T09:29:49Z" name="logout" finished-at="2023-05-29T09:29:56Z" duration-ms="6660" status="PASS">
          <params>
            <param index="0">
              <value>
                <![CDATA[[TestResult name=verifySprintActivation status=SUCCESS method=prmsTestScript.verifySprintActivation()[pri:6, instance:com.PlanIT.WitsLab.tests.prmsTestScript@5c530d1e] output={null}]]]>
              </value>
            </param>
            <param index="1">
              <value>
                <![CDATA[public void com.PlanIT.WitsLab.tests.prmsTestScript.verifySprintActivation()]]>
              </value>
            </param>
          </params>
          <reporter-output>
          </reporter-output>
        </test-method> <!-- logout -->
        <test-method is-config="true" signature="verifyloginPage(java.lang.reflect.Method)[pri:0, instance:com.PlanIT.WitsLab.tests.prmsTestScript@5c530d1e]" started-at="2023-05-29T09:29:56Z" name="verifyloginPage" finished-at="2023-05-29T09:30:11Z" duration-ms="15409" status="PASS">
          <params>
            <param index="0">
              <value>
                <![CDATA[public void com.PlanIT.WitsLab.tests.prmsTestScript.verifyCreateIssueFromBoard()]]>
              </value>
            </param>
          </params>
          <reporter-output>
          </reporter-output>
        </test-method> <!-- verifyloginPage -->
        <test-method signature="verifyCreateIssueFromBoard()[pri:7, instance:com.PlanIT.WitsLab.tests.prmsTestScript@5c530d1e]" started-at="2023-05-29T09:30:11Z" name="verifyCreateIssueFromBoard" finished-at="2023-05-29T09:32:46Z" duration-ms="155009" status="PASS">
          <reporter-output>
          </reporter-output>
        </test-method> <!-- verifyCreateIssueFromBoard -->
        <test-method is-config="true" signature="logout(org.testng.ITestResult, java.lang.reflect.Method)[pri:0, instance:com.PlanIT.WitsLab.tests.prmsTestScript@5c530d1e]" started-at="2023-05-29T09:32:46Z" name="logout" finished-at="2023-05-29T09:32:50Z" duration-ms="4250" status="PASS">
          <params>
            <param index="0">
              <value>
                <![CDATA[[TestResult name=verifyCreateIssueFromBoard status=SUCCESS method=prmsTestScript.verifyCreateIssueFromBoard()[pri:7, instance:com.PlanIT.WitsLab.tests.prmsTestScript@5c530d1e] output={null}]]]>
              </value>
            </param>
            <param index="1">
              <value>
                <![CDATA[public void com.PlanIT.WitsLab.tests.prmsTestScript.verifyCreateIssueFromBoard()]]>
              </value>
            </param>
          </params>
          <reporter-output>
          </reporter-output>
        </test-method> <!-- logout -->
        <test-method is-config="true" signature="verifyloginPage(java.lang.reflect.Method)[pri:0, instance:com.PlanIT.WitsLab.tests.prmsTestScript@5c530d1e]" started-at="2023-05-29T09:32:50Z" name="verifyloginPage" finished-at="2023-05-29T09:33:04Z" duration-ms="14033" status="PASS">
          <params>
            <param index="0">
              <value>
                <![CDATA[public void com.PlanIT.WitsLab.tests.prmsTestScript.verifyUpdateDetailsOfTickets()]]>
              </value>
            </param>
          </params>
          <reporter-output>
          </reporter-output>
        </test-method> <!-- verifyloginPage -->
        <test-method signature="verifyUpdateDetailsOfTickets()[pri:8, instance:com.PlanIT.WitsLab.tests.prmsTestScript@5c530d1e]" started-at="2023-05-29T09:33:04Z" name="verifyUpdateDetailsOfTickets" finished-at="2023-05-29T09:37:18Z" duration-ms="253965" status="FAIL">
          <exception class="java.lang.AssertionError">
            <message>
              <![CDATA[expected [9] but found [10]]]>
            </message>
            <full-stacktrace>
              <![CDATA[java.lang.AssertionError: expected [9] but found [10]
at org.testng.Assert.fail(Assert.java:96)
at org.testng.Assert.failNotEquals(Assert.java:776)
at org.testng.Assert.assertEqualsImpl(Assert.java:137)
at org.testng.Assert.assertEquals(Assert.java:118)
at org.testng.Assert.assertEquals(Assert.java:453)
at org.testng.Assert.assertEquals(Assert.java:463)
at com.PlanIT.WitsLab.tests.prmsTestScript.verifyUpdateDetailsOfTickets(prmsTestScript.java:400)
at java.base/jdk.internal.reflect.NativeMethodAccessorImpl.invoke0(Native Method)
at java.base/jdk.internal.reflect.NativeMethodAccessorImpl.invoke(NativeMethodAccessorImpl.java:77)
at java.base/jdk.internal.reflect.DelegatingMethodAccessorImpl.invoke(DelegatingMethodAccessorImpl.java:43)
at java.base/java.lang.reflect.Method.invoke(Method.java:568)
at org.testng.internal.MethodInvocationHelper.invokeMethod(MethodInvocationHelper.java:124)
at org.testng.internal.Invoker.invokeMethod(Invoker.java:583)
at org.testng.internal.Invoker.invokeTestMethod(Invoker.java:719)
at org.testng.internal.Invoker.invokeTestMethods(Invoker.java:989)
at org.testng.internal.TestMethodWorker.invokeTestMethods(TestMethodWorker.java:125)
at org.testng.internal.TestMethodWorker.run(TestMethodWorker.java:109)
at org.testng.TestRunner.privateRun(TestRunner.java:648)
at org.testng.TestRunner.run(TestRunner.java:505)
at org.testng.SuiteRunner.runTest(SuiteRunner.java:455)
at org.testng.SuiteRunner.runSequentially(SuiteRunner.java:450)
at org.testng.SuiteRunner.privateRun(SuiteRunner.java:415)
at org.testng.SuiteRunner.run(SuiteRunner.java:364)
at org.testng.SuiteRunnerWorker.runSuite(SuiteRunnerWorker.java:52)
at org.testng.SuiteRunnerWorker.run(SuiteRunnerWorker.java:84)
at org.testng.TestNG.runSuitesSequentially(TestNG.java:1208)
at org.testng.TestNG.runSuitesLocally(TestNG.java:1137)
at org.testng.TestNG.runSuites(TestNG.java:1049)
at org.testng.TestNG.run(TestNG.java:1017)
at org.testng.remote.AbstractRemoteTestNG.run(AbstractRemoteTestNG.java:115)
at org.testng.remote.RemoteTestNG.initAndRun(RemoteTestNG.java:251)
at org.testng.remote.RemoteTestNG.main(RemoteTestNG.java:77)
]]>
            </full-stacktrace>
          </exception> <!-- java.lang.AssertionError -->
          <reporter-output>
          </reporter-output>
        </test-method> <!-- verifyUpdateDetailsOfTickets -->
        <test-method is-config="true" signature="logout(org.testng.ITestResult, java.lang.reflect.Method)[pri:0, instance:com.PlanIT.WitsLab.tests.prmsTestScript@5c530d1e]" started-at="2023-05-29T09:37:18Z" name="logout" finished-at="2023-05-29T09:37:43Z" duration-ms="24375" status="PASS">
          <params>
            <param index="0">
              <value>
                <![CDATA[[TestResult name=verifyUpdateDetailsOfTickets status=FAILURE method=prmsTestScript.verifyUpdateDetailsOfTickets()[pri:8, instance:com.PlanIT.WitsLab.tests.prmsTestScript@5c530d1e] output={null}]]]>
              </value>
            </param>
            <param index="1">
              <value>
                <![CDATA[public void com.PlanIT.WitsLab.tests.prmsTestScript.verifyUpdateDetailsOfTickets()]]>
              </value>
            </param>
          </params>
          <reporter-output>
          </reporter-output>
        </test-method> <!-- logout -->
        <test-method is-config="true" signature="verifyloginPage(java.lang.reflect.Method)[pri:0, instance:com.PlanIT.WitsLab.tests.prmsTestScript@5c530d1e]" started-at="2023-05-29T09:37:43Z" name="verifyloginPage" finished-at="2023-05-29T09:37:57Z" duration-ms="14513" status="PASS">
          <params>
            <param index="0">
              <value>
                <![CDATA[public void com.PlanIT.WitsLab.tests.prmsTestScript.verifyAddMemberFromProjectSetting()]]>
              </value>
            </param>
          </params>
          <reporter-output>
          </reporter-output>
        </test-method> <!-- verifyloginPage -->
        <test-method signature="verifyAddMemberFromProjectSetting()[pri:9, instance:com.PlanIT.WitsLab.tests.prmsTestScript@5c530d1e]" started-at="2023-05-29T09:37:57Z" name="verifyAddMemberFromProjectSetting" finished-at="2023-05-29T09:40:12Z" duration-ms="134748" status="PASS">
          <reporter-output>
          </reporter-output>
        </test-method> <!-- verifyAddMemberFromProjectSetting -->
        <test-method is-config="true" signature="logout(org.testng.ITestResult, java.lang.reflect.Method)[pri:0, instance:com.PlanIT.WitsLab.tests.prmsTestScript@5c530d1e]" started-at="2023-05-29T09:40:12Z" name="logout" finished-at="2023-05-29T09:40:20Z" duration-ms="8184" status="PASS">
          <params>
            <param index="0">
              <value>
                <![CDATA[[TestResult name=verifyAddMemberFromProjectSetting status=SUCCESS method=prmsTestScript.verifyAddMemberFromProjectSetting()[pri:9, instance:com.PlanIT.WitsLab.tests.prmsTestScript@5c530d1e] output={null}]]]>
              </value>
            </param>
            <param index="1">
              <value>
                <![CDATA[public void com.PlanIT.WitsLab.tests.prmsTestScript.verifyAddMemberFromProjectSetting()]]>
              </value>
            </param>
          </params>
          <reporter-output>
          </reporter-output>
        </test-method> <!-- logout -->
        <test-method is-config="true" signature="tearDown()[pri:0, instance:com.PlanIT.WitsLab.tests.prmsTestScript@5c530d1e]" started-at="2023-05-29T09:40:20Z" name="tearDown" finished-at="2023-05-29T09:40:20Z" duration-ms="251" status="PASS">
          <reporter-output>
          </reporter-output>
        </test-method> <!-- tearDown -->
        <test-method is-config="true" signature="afterTestThreadContextCleanup()[pri:0, instance:com.PlanIT.WitsLab.tests.prmsTestScript@5c530d1e]" started-at="2023-05-29T09:40:20Z" name="afterTestThreadContextCleanup" finished-at="2023-05-29T09:40:20Z" duration-ms="0" status="PASS">
          <reporter-output>
          </reporter-output>
        </test-method> <!-- afterTestThreadContextCleanup -->
      </class> <!-- com.PlanIT.WitsLab.tests.prmsTestScript -->
    </test> <!-- TestCases -->
  </suite> <!-- Wil_Plannet -->
</testng-results>
